8.2s 1 userId                   int64
8.2s 2 Churn                    int64
8.2s 3 obsDays                float64
8.2s 4 nSongs                   int64
8.2s 5 nThumbsUp                int64
8.2s 6 nThumbsDown              int64
8.2s 7 nUpgrade                 int64
8.2s 8 nDowngrade               int64
8.2s 9 nAddFriend               int64
8.2s 10 nAddPlaylist             int64
8.2s 11 nAdvert                  int64
8.2s 12 nHelp                    int64
8.2s 13 nError                   int64
8.2s 14 registDuration         float64
8.2s 15 avgSessionDuration     float64
8.2s 16 avgDailySongs          float64
8.2s 17 avgDailyThumbsUp       float64
8.2s 18 avgDailyThumbsDown     float64
8.2s 19 avgDailyUpgrade        float64
8.2s 20 avgDailyDowngrade      float64
8.2s 21 avgDailyAddFriend      float64
8.2s 22 avgDailyAddPlaylist    float64
8.2s 23 avgDailyAdvert         float64
8.2s 24 avgDailyHelp           float64
8.2s 25 avgDailyError          float64
8.2s 26 dtype: object
8.2s 27 userId                   int64
8.2s 28 Churn                    int64
8.2s 29 obsDays                float64
8.2s 30 nSongs                   int64
8.2s 31 nThumbsUp                int64
8.2s 32 nThumbsDown              int64
8.2s 33 nUpgrade                 int64
8.2s 34 nDowngrade               int64
8.2s 35 nAddFriend               int64
8.2s 36 nAddPlaylist             int64
8.2s 37 nAdvert                  int64
8.2s 38 nHelp                    int64
8.2s 39 nError                   int64
8.2s 40 registDuration         float64
8.2s 41 avgSessionDuration     float64
8.2s 42 avgDailySongs          float64
8.2s 43 avgDailyThumbsUp       float64
8.2s 44 avgDailyThumbsDown     float64
8.2s 45 avgDailyUpgrade        float64
8.2s 46 avgDailyDowngrade      float64
8.2s 47 avgDailyAddFriend      float64
8.2s 48 avgDailyAddPlaylist    float64
8.2s 49 avgDailyAdvert         float64
8.2s 50 avgDailyHelp           float64
8.2s 51 avgDailyError          float64
8.2s 52 dtype: object
8.2s 53 *****Target***
8.2s 54 [1 0]
8.6s 55 Kfold completed after --- 0.6414942741394043 seconds ---
9.2s 56 [0 0 0 ... 0 1 0]
9.2s 57 Fold = 0, AUC = 0.8607933311261821
9.6s 58 [0 1 1 ... 0 0 0]
9.6s 59 Fold = 1, AUC = 0.8835975890968655
9.9s 60 [1 1 0 ... 0 0 0]
10.0s 61 Fold = 2, AUC = 0.8714120274629829
10.3s 62 [0 0 0 ... 0 0 0]
10.3s 63 Fold = 3, AUC = 0.8751584659913169
10.7s 64 [1 1 1 ... 0 1 0]
10.7s 65 Fold = 4, AUC = 0.8528820549927641
10.7s 66 Mean AUC = 0.8687686937340222
10.7s 67 Logistic regression completed after--- 2.7247512340545654 seconds ---
10.7s 68 [32m[I 2021-12-30 16:51:53,549][0m A new study created in memory with name: no-name-e51555e2-355a-4bfd-9d89-e7caad0b00dd[0m
63.9s 69 [32m[I 2021-12-30 16:52:46,734][0m Trial 0 finished with value: 0.9156928000000001 and parameters: {'alpha': 2.4659058829335943e-05, 'subsample': 0.7654420234496364, 'colsample_bytree': 0.8222122390696629, 'max_depth': 4, 'min_child_weight': 6, 'eta': 8.767549861107946e-08, 'gamma': 0.41447706902349346}. Best is trial 0 with value: 0.9156928000000001.[0m
101.3s 70 [32m[I 2021-12-30 16:53:24,181][0m Trial 1 finished with value: 0.9951302 and parameters: {'alpha': 3.9492146635889375e-06, 'subsample': 0.3513620550459251, 'colsample_bytree': 0.5687528482562809, 'max_depth': 6, 'min_child_weight': 9, 'eta': 0.4968544938070707, 'gamma': 0.01731097459974952}. Best is trial 1 with value: 0.9951302.[0m
918.5s 71 [32m[I 2021-12-30 17:07:01,298][0m Trial 2 finished with value: 0.9967425999999999 and parameters: {'alpha': 4.801709255792358e-06, 'subsample': 0.4062005247536785, 'colsample_bytree': 0.5424018623187266, 'max_depth': 7, 'min_child_weight': 9, 'eta': 0.00409135890574874, 'gamma': 6.454475166060588e-07}. Best is trial 2 with value: 0.9967425999999999.[0m
918.5s 72 Number of finished trials:  3
918.5s 73 Best trial:
918.5s 74 Value: 0.9967425999999999
918.5s 75 Params:
918.5s 76 alpha: 4.801709255792358e-06
918.5s 77 subsample: 0.4062005247536785
918.5s 78 colsample_bytree: 0.5424018623187266
918.5s 79 max_depth: 7
918.5s 80 min_child_weight: 9
918.5s 81 eta: 0.00409135890574874
918.5s 82 gamma: 6.454475166060588e-07
918.5s 83 Number of estimators: 7738
918.5s 84 Best Params: {'alpha': 4.801709255792358e-06, 'subsample': 0.4062005247536785, 'colsample_bytree': 0.5424018623187266, 'max_depth': 7, 'min_child_weight': 9, 'eta': 0.00409135890574874, 'gamma': 6.454475166060588e-07}
918.5s 85 Parameter tuning completed after--- 910.4762570858002 seconds ---
918.5s 86 {'objective': 'binary:logistic', 'base_score': 0.5, 'booster': 'gbtree', 'colsample_bylevel': 1, 'colsample_bynode': 1, 'colsample_bytree': 0.8702730765483531, 'gamma': 0.6041310184357518, 'gpu_id': -1, 'interaction_constraints': '', 'learning_rate': 0.300000012, 'max_delta_step': 0, 'max_depth': 7, 'min_child_weight': 4, 'monotone_constraints': '()', 'n_jobs': -1, 'num_parallel_tree': 1, 'predictor': 'auto', 'random_state': 0, 'reg_alpha': 0, 'reg_lambda': 1, 'scale_pos_weight': 1, 'subsample': 0.799542263147059, 'tree_method': 'exact', 'validate_parameters': 1, 'verbosity': None, 'eval_metric': 'auc'}
925.9s 87 [0 0 0 ... 0 1 0]
925.9s 88 Tuned XGBoost:Fold = 0,AUC = 0.966673413417263
926.0s 89 {'objective': 'binary:logistic', 'base_score': 0.5, 'booster': 'gbtree', 'colsample_bylevel': 1, 'colsample_bynode': 1, 'colsample_bytree': 0.8702730765483531, 'gamma': 0.6041310184357518, 'gpu_id': -1, 'interaction_constraints': '', 'learning_rate': 0.300000012, 'max_delta_step': 0, 'max_depth': 7, 'min_child_weight': 4, 'monotone_constraints': '()', 'n_jobs': -1, 'num_parallel_tree': 1, 'predictor': 'auto', 'random_state': 0, 'reg_alpha': 0, 'reg_lambda': 1, 'scale_pos_weight': 1, 'subsample': 0.799542263147059, 'tree_method': 'exact', 'validate_parameters': 1, 'verbosity': None, 'eval_metric': 'auc'}
933.4s 90 [1 1 1 ... 0 0 0]
933.4s 91 Tuned XGBoost:Fold = 1,AUC = 0.9739278088047987
933.5s 92 {'objective': 'binary:logistic', 'base_score': 0.5, 'booster': 'gbtree', 'colsample_bylevel': 1, 'colsample_bynode': 1, 'colsample_bytree': 0.8702730765483531, 'gamma': 0.6041310184357518, 'gpu_id': -1, 'interaction_constraints': '', 'learning_rate': 0.300000012, 'max_delta_step': 0, 'max_depth': 7, 'min_child_weight': 4, 'monotone_constraints': '()', 'n_jobs': -1, 'num_parallel_tree': 1, 'predictor': 'auto', 'random_state': 0, 'reg_alpha': 0, 'reg_lambda': 1, 'scale_pos_weight': 1, 'subsample': 0.799542263147059, 'tree_method': 'exact', 'validate_parameters': 1, 'verbosity': None, 'eval_metric': 'auc'}
941.7s 93 [1 1 1 ... 1 1 1]
941.7s 94 Tuned XGBoost:Fold = 2,AUC = 0.9726515522693866
941.8s 95 {'objective': 'binary:logistic', 'base_score': 0.5, 'booster': 'gbtree', 'colsample_bylevel': 1, 'colsample_bynode': 1, 'colsample_bytree': 0.8702730765483531, 'gamma': 0.6041310184357518, 'gpu_id': -1, 'interaction_constraints': '', 'learning_rate': 0.300000012, 'max_delta_step': 0, 'max_depth': 7, 'min_child_weight': 4, 'monotone_constraints': '()', 'n_jobs': -1, 'num_parallel_tree': 1, 'predictor': 'auto', 'random_state': 0, 'reg_alpha': 0, 'reg_lambda': 1, 'scale_pos_weight': 1, 'subsample': 0.799542263147059, 'tree_method': 'exact', 'validate_parameters': 1, 'verbosity': None, 'eval_metric': 'auc'}
949.2s 96 [0 0 0 ... 0 0 0]
949.2s 97 Tuned XGBoost:Fold = 3,AUC = 0.973579594790159
949.3s 98 {'objective': 'binary:logistic', 'base_score': 0.5, 'booster': 'gbtree', 'colsample_bylevel': 1, 'colsample_bynode': 1, 'colsample_bytree': 0.8702730765483531, 'gamma': 0.6041310184357518, 'gpu_id': -1, 'interaction_constraints': '', 'learning_rate': 0.300000012, 'max_delta_step': 0, 'max_depth': 7, 'min_child_weight': 4, 'monotone_constraints': '()', 'n_jobs': -1, 'num_parallel_tree': 1, 'predictor': 'auto', 'random_state': 0, 'reg_alpha': 0, 'reg_lambda': 1, 'scale_pos_weight': 1, 'subsample': 0.799542263147059, 'tree_method': 'exact', 'validate_parameters': 1, 'verbosity': None, 'eval_metric': 'auc'}
956.6s 99 [1 1 1 ... 0 1 0]
956.6s 100 Tuned XGBoost:Fold = 4,AUC = 0.9762901591895803
956.6s 101 Tuned XGBooost Mean AUC = 0.9726245056942375
956.6s 102 XGBoost Hyperparameter tuned complete after--- 948.6040489673615 seconds ---
992.4s 103 Feature importance complete after--- 984.3727328777313 seconds ---
995.6s 104 /opt/conda/lib/python3.7/site-packages/traitlets/traitlets.py:2567: FutureWarning: --Exporter.preprocessors=["nbconvert.preprocessors.ExtractOutputPreprocessor"] for containers is deprecated in traitlets 5.0. You can pass `--Exporter.preprocessors item` ... multiple times to add items to a list.
995.6s 105 FutureWarning,
995.6s 106 [NbConvertApp] Converting notebook __script__.ipynb to html
996.0s 107 [NbConvertApp] Writing 324831 bytes to __results__.html